{"/Users/eduardotrindade/Projetos/teste-mobile-teddy/src/infra/data/adapters/AsyncStorageAdapter.tsx": {"path":"/Users/eduardotrindade/Projetos/teste-mobile-teddy/src/infra/data/adapters/AsyncStorageAdapter.tsx","statementMap":{"0":{"start":{"line":9,"column":57},"end":{"line":44,"column":1}},"1":{"start":{"line":11,"column":17},"end":{"line":11,"column":48}},"2":{"start":{"line":12,"column":4},"end":{"line":12,"column":27}},"3":{"start":{"line":12,"column":15},"end":{"line":12,"column":27}},"4":{"start":{"line":14,"column":4},"end":{"line":25,"column":5}},"5":{"start":{"line":15,"column":39},"end":{"line":15,"column":55}},"6":{"start":{"line":17,"column":6},"end":{"line":20,"column":7}},"7":{"start":{"line":18,"column":8},"end":{"line":18,"column":43}},"8":{"start":{"line":19,"column":8},"end":{"line":19,"column":20}},"9":{"start":{"line":22,"column":6},"end":{"line":22,"column":29}},"10":{"start":{"line":24,"column":6},"end":{"line":24,"column":18}},"11":{"start":{"line":29,"column":22},"end":{"line":31,"column":17}},"12":{"start":{"line":33,"column":31},"end":{"line":36,"column":5}},"13":{"start":{"line":38,"column":4},"end":{"line":38,"column":58}},"14":{"start":{"line":42,"column":4},"end":{"line":42,"column":39}}},"fnMap":{"0":{"name":"(anonymous_0)","decl":{"start":{"line":10,"column":2},"end":{"line":10,"column":3}},"loc":{"start":{"line":10,"column":50},"end":{"line":26,"column":3}},"line":10},"1":{"name":"(anonymous_1)","decl":{"start":{"line":28,"column":2},"end":{"line":28,"column":3}},"loc":{"start":{"line":28,"column":75},"end":{"line":39,"column":3}},"line":28},"2":{"name":"(anonymous_2)","decl":{"start":{"line":41,"column":2},"end":{"line":41,"column":3}},"loc":{"start":{"line":41,"column":43},"end":{"line":43,"column":3}},"line":41}},"branchMap":{"0":{"loc":{"start":{"line":12,"column":4},"end":{"line":12,"column":27}},"type":"if","locations":[{"start":{"line":12,"column":4},"end":{"line":12,"column":27}},{"start":{},"end":{}}],"line":12},"1":{"loc":{"start":{"line":17,"column":6},"end":{"line":20,"column":7}},"type":"if","locations":[{"start":{"line":17,"column":6},"end":{"line":20,"column":7}},{"start":{},"end":{}}],"line":17},"2":{"loc":{"start":{"line":17,"column":10},"end":{"line":17,"column":77}},"type":"binary-expr","locations":[{"start":{"line":17,"column":10},"end":{"line":17,"column":30}},{"start":{"line":17,"column":34},"end":{"line":17,"column":77}}],"line":17},"3":{"loc":{"start":{"line":29,"column":22},"end":{"line":31,"column":17}},"type":"cond-expr","locations":[{"start":{"line":30,"column":8},"end":{"line":30,"column":64}},{"start":{"line":31,"column":8},"end":{"line":31,"column":17}}],"line":29}},"s":{"0":1,"1":0,"2":0,"3":0,"4":0,"5":0,"6":0,"7":0,"8":0,"9":0,"10":0,"11":0,"12":0,"13":0,"14":0},"f":{"0":0,"1":0,"2":0},"b":{"0":[0,0],"1":[0,0],"2":[0,0],"3":[0,0]},"_coverageSchema":"1a1c01bbd47fc00a2c39e90264f33305004495a9","hash":"48ff5a91c05f00b82080160e88b2b591e38a8a90"}
,"/Users/eduardotrindade/Projetos/teste-mobile-teddy/src/presentation/components/Button/index.tsx": {"path":"/Users/eduardotrindade/Projetos/teste-mobile-teddy/src/presentation/components/Button/index.tsx","statementMap":{"0":{"start":{"line":16,"column":22},"end":{"line":41,"column":1}},"1":{"start":{"line":25,"column":2},"end":{"line":40,"column":4}}},"fnMap":{"0":{"name":"(anonymous_0)","decl":{"start":{"line":16,"column":22},"end":{"line":16,"column":23}},"loc":{"start":{"line":24,"column":19},"end":{"line":41,"column":1}},"line":24}},"branchMap":{"0":{"loc":{"start":{"line":22,"column":2},"end":{"line":22,"column":18}},"type":"default-arg","locations":[{"start":{"line":22,"column":13},"end":{"line":22,"column":18}}],"line":22},"1":{"loc":{"start":{"line":23,"column":2},"end":{"line":23,"column":17}},"type":"default-arg","locations":[{"start":{"line":23,"column":12},"end":{"line":23,"column":17}}],"line":23},"2":{"loc":{"start":{"line":30,"column":8},"end":{"line":30,"column":41}},"type":"binary-expr","locations":[{"start":{"line":30,"column":8},"end":{"line":30,"column":16}},{"start":{"line":30,"column":20},"end":{"line":30,"column":41}}],"line":30},"3":{"loc":{"start":{"line":31,"column":8},"end":{"line":31,"column":40}},"type":"binary-expr","locations":[{"start":{"line":31,"column":8},"end":{"line":31,"column":15}},{"start":{"line":31,"column":19},"end":{"line":31,"column":40}}],"line":31},"4":{"loc":{"start":{"line":36,"column":14},"end":{"line":36,"column":41}},"type":"cond-expr","locations":[{"start":{"line":36,"column":23},"end":{"line":36,"column":29}},{"start":{"line":36,"column":32},"end":{"line":36,"column":41}}],"line":36},"5":{"loc":{"start":{"line":38,"column":44},"end":{"line":38,"column":80}},"type":"binary-expr","locations":[{"start":{"line":38,"column":44},"end":{"line":38,"column":51}},{"start":{"line":38,"column":55},"end":{"line":38,"column":80}}],"line":38}},"s":{"0":1,"1":16},"f":{"0":16},"b":{"0":[0],"1":[16],"2":[16,9],"3":[16,0],"4":[16,0],"5":[16,0]},"_coverageSchema":"1a1c01bbd47fc00a2c39e90264f33305004495a9","hash":"18f742e264dab5143f07730b59a75727c09408ff"}
,"/Users/eduardotrindade/Projetos/teste-mobile-teddy/src/presentation/components/Button/styles.ts": {"path":"/Users/eduardotrindade/Projetos/teste-mobile-teddy/src/presentation/components/Button/styles.ts","statementMap":{"0":{"start":{"line":5,"column":15},"end":{"line":39,"column":2}}},"fnMap":{},"branchMap":{},"s":{"0":1},"f":{},"b":{},"_coverageSchema":"1a1c01bbd47fc00a2c39e90264f33305004495a9","hash":"dfc12d999e93cb227c0dc687345db3017ffd045f"}
,"/Users/eduardotrindade/Projetos/teste-mobile-teddy/src/presentation/components/CommonText/index.tsx": {"path":"/Users/eduardotrindade/Projetos/teste-mobile-teddy/src/presentation/components/CommonText/index.tsx","statementMap":{"0":{"start":{"line":5,"column":26},"end":{"line":13,"column":1}},"1":{"start":{"line":7,"column":4},"end":{"line":11,"column":6}}},"fnMap":{"0":{"name":"(anonymous_0)","decl":{"start":{"line":6,"column":2},"end":{"line":6,"column":3}},"loc":{"start":{"line":6,"column":54},"end":{"line":12,"column":3}},"line":6}},"branchMap":{},"s":{"0":1,"1":16},"f":{"0":16},"b":{},"_coverageSchema":"1a1c01bbd47fc00a2c39e90264f33305004495a9","hash":"4ffa5b684918be3ffe0354873995b47b5213a382"}
,"/Users/eduardotrindade/Projetos/teste-mobile-teddy/src/presentation/components/CommonText/styles.ts": {"path":"/Users/eduardotrindade/Projetos/teste-mobile-teddy/src/presentation/components/CommonText/styles.ts","statementMap":{"0":{"start":{"line":5,"column":15},"end":{"line":11,"column":2}}},"fnMap":{},"branchMap":{},"s":{"0":1},"f":{},"b":{},"_coverageSchema":"1a1c01bbd47fc00a2c39e90264f33305004495a9","hash":"d33a59d540db499b129871cda2278c4b4473feef"}
,"/Users/eduardotrindade/Projetos/teste-mobile-teddy/src/presentation/components/Input/index.tsx": {"path":"/Users/eduardotrindade/Projetos/teste-mobile-teddy/src/presentation/components/Input/index.tsx","statementMap":{"0":{"start":{"line":16,"column":21},"end":{"line":29,"column":1}},"1":{"start":{"line":17,"column":2},"end":{"line":28,"column":4}}},"fnMap":{"0":{"name":"(anonymous_0)","decl":{"start":{"line":16,"column":21},"end":{"line":16,"column":22}},"loc":{"start":{"line":16,"column":98},"end":{"line":29,"column":1}},"line":16}},"branchMap":{"0":{"loc":{"start":{"line":19,"column":7},"end":{"line":19,"column":57}},"type":"binary-expr","locations":[{"start":{"line":19,"column":7},"end":{"line":19,"column":12}},{"start":{"line":19,"column":16},"end":{"line":19,"column":57}}],"line":19},"1":{"loc":{"start":{"line":21,"column":16},"end":{"line":21,"column":43}},"type":"cond-expr","locations":[{"start":{"line":21,"column":25},"end":{"line":21,"column":31}},{"start":{"line":21,"column":34},"end":{"line":21,"column":43}}],"line":21}},"s":{"0":1,"1":16},"f":{"0":16},"b":{"0":[16,0],"1":[16,0]},"_coverageSchema":"1a1c01bbd47fc00a2c39e90264f33305004495a9","hash":"1a5f1006af825ce9a87bb0ed646adc470652ed66"}
,"/Users/eduardotrindade/Projetos/teste-mobile-teddy/src/presentation/components/Input/styles.ts": {"path":"/Users/eduardotrindade/Projetos/teste-mobile-teddy/src/presentation/components/Input/styles.ts","statementMap":{"0":{"start":{"line":5,"column":15},"end":{"line":25,"column":2}}},"fnMap":{},"branchMap":{},"s":{"0":1},"f":{},"b":{},"_coverageSchema":"1a1c01bbd47fc00a2c39e90264f33305004495a9","hash":"9e69a6284a7256903b0623803eb5e8dfcd19ab83"}
,"/Users/eduardotrindade/Projetos/teste-mobile-teddy/src/presentation/screens/Home/index.tsx": {"path":"/Users/eduardotrindade/Projetos/teste-mobile-teddy/src/presentation/screens/Home/index.tsx","statementMap":{"0":{"start":{"line":14,"column":26},"end":{"line":14,"column":62}},"1":{"start":{"line":15,"column":21},"end":{"line":15,"column":36}},"2":{"start":{"line":16,"column":26},"end":{"line":16,"column":46}},"3":{"start":{"line":18,"column":2},"end":{"line":26,"column":9}},"4":{"start":{"line":19,"column":22},"end":{"line":24,"column":5}},"5":{"start":{"line":20,"column":21},"end":{"line":20,"column":52}},"6":{"start":{"line":21,"column":6},"end":{"line":23,"column":7}},"7":{"start":{"line":22,"column":8},"end":{"line":22,"column":39}},"8":{"start":{"line":25,"column":4},"end":{"line":25,"column":16}},"9":{"start":{"line":28,"column":21},"end":{"line":31,"column":3}},"10":{"start":{"line":29,"column":4},"end":{"line":29,"column":40}},"11":{"start":{"line":30,"column":4},"end":{"line":30,"column":37}},"12":{"start":{"line":33,"column":2},"end":{"line":49,"column":4}}},"fnMap":{"0":{"name":"HomeScreen","decl":{"start":{"line":13,"column":24},"end":{"line":13,"column":34}},"loc":{"start":{"line":13,"column":37},"end":{"line":50,"column":1}},"line":13},"1":{"name":"(anonymous_1)","decl":{"start":{"line":18,"column":12},"end":{"line":18,"column":13}},"loc":{"start":{"line":18,"column":18},"end":{"line":26,"column":3}},"line":18},"2":{"name":"(anonymous_2)","decl":{"start":{"line":19,"column":22},"end":{"line":19,"column":23}},"loc":{"start":{"line":19,"column":34},"end":{"line":24,"column":5}},"line":19},"3":{"name":"(anonymous_3)","decl":{"start":{"line":28,"column":21},"end":{"line":28,"column":22}},"loc":{"start":{"line":28,"column":33},"end":{"line":31,"column":3}},"line":28}},"branchMap":{"0":{"loc":{"start":{"line":21,"column":6},"end":{"line":23,"column":7}},"type":"if","locations":[{"start":{"line":21,"column":6},"end":{"line":23,"column":7}},{"start":{},"end":{}}],"line":21},"1":{"loc":{"start":{"line":22,"column":16},"end":{"line":22,"column":37}},"type":"binary-expr","locations":[{"start":{"line":22,"column":16},"end":{"line":22,"column":31}},{"start":{"line":22,"column":35},"end":{"line":22,"column":37}}],"line":22},"2":{"loc":{"start":{"line":36,"column":16},"end":{"line":36,"column":63}},"type":"cond-expr","locations":[{"start":{"line":36,"column":43},"end":{"line":36,"column":51}},{"start":{"line":36,"column":54},"end":{"line":36,"column":63}}],"line":36}},"s":{"0":19,"1":19,"2":19,"3":19,"4":9,"5":9,"6":9,"7":8,"8":9,"9":19,"10":1,"11":1,"12":19},"f":{"0":19,"1":9,"2":9,"3":1},"b":{"0":[8,1],"1":[8,1],"2":[1,18]},"_coverageSchema":"1a1c01bbd47fc00a2c39e90264f33305004495a9","hash":"761282b907bb0c19c4e3050978d3f581e690b38b"}
,"/Users/eduardotrindade/Projetos/teste-mobile-teddy/src/presentation/screens/Home/styles.ts": {"path":"/Users/eduardotrindade/Projetos/teste-mobile-teddy/src/presentation/screens/Home/styles.ts","statementMap":{"0":{"start":{"line":4,"column":15},"end":{"line":11,"column":2}}},"fnMap":{},"branchMap":{},"s":{"0":1},"f":{},"b":{},"_coverageSchema":"1a1c01bbd47fc00a2c39e90264f33305004495a9","hash":"4c98510f92515a4b182645495920e7c3a50b78a1"}
,"/Users/eduardotrindade/Projetos/teste-mobile-teddy/src/presentation/styles/colors.ts": {"path":"/Users/eduardotrindade/Projetos/teste-mobile-teddy/src/presentation/styles/colors.ts","statementMap":{"0":{"start":{"line":1,"column":31},"end":{"line":16,"column":1}}},"fnMap":{},"branchMap":{},"s":{"0":1},"f":{},"b":{},"_coverageSchema":"1a1c01bbd47fc00a2c39e90264f33305004495a9","hash":"6ec1fe2e114aa3bc08d669f5f289eadff930b0e8"}
,"/Users/eduardotrindade/Projetos/teste-mobile-teddy/src/presentation/styles/deviceInfo.ts": {"path":"/Users/eduardotrindade/Projetos/teste-mobile-teddy/src/presentation/styles/deviceInfo.ts","statementMap":{"0":{"start":{"line":12,"column":61},"end":{"line":12,"column":85}},"1":{"start":{"line":13,"column":28},"end":{"line":13,"column":42}},"2":{"start":{"line":15,"column":23},"end":{"line":21,"column":1}}},"fnMap":{},"branchMap":{"0":{"loc":{"start":{"line":17,"column":9},"end":{"line":17,"column":55}},"type":"cond-expr","locations":[{"start":{"line":17,"column":33},"end":{"line":17,"column":47}},{"start":{"line":17,"column":50},"end":{"line":17,"column":55}}],"line":17}},"s":{"0":1,"1":1,"2":1},"f":{},"b":{"0":[1,0]},"_coverageSchema":"1a1c01bbd47fc00a2c39e90264f33305004495a9","hash":"3db88f9d46e32c06c531b269177c11b51d42e5e8"}
,"/Users/eduardotrindade/Projetos/teste-mobile-teddy/src/presentation/styles/layout.ts": {"path":"/Users/eduardotrindade/Projetos/teste-mobile-teddy/src/presentation/styles/layout.ts","statementMap":{"0":{"start":{"line":4,"column":26},"end":{"line":4,"column":50}},"1":{"start":{"line":6,"column":22},"end":{"line":6,"column":33}},"2":{"start":{"line":9,"column":26},"end":{"line":9,"column":38}},"3":{"start":{"line":11,"column":2},"end":{"line":19,"column":3}},"4":{"start":{"line":12,"column":4},"end":{"line":15,"column":5}},"5":{"start":{"line":13,"column":23},"end":{"line":13,"column":43}},"6":{"start":{"line":14,"column":6},"end":{"line":14,"column":66}},"7":{"start":{"line":16,"column":4},"end":{"line":16,"column":63}},"8":{"start":{"line":18,"column":4},"end":{"line":18,"column":67}},"9":{"start":{"line":23,"column":30},"end":{"line":23,"column":70}},"10":{"start":{"line":25,"column":2},"end":{"line":29,"column":3}},"11":{"start":{"line":26,"column":4},"end":{"line":26,"column":16}},"12":{"start":{"line":28,"column":4},"end":{"line":28,"column":30}},"13":{"start":{"line":32,"column":31},"end":{"line":71,"column":1}}},"fnMap":{"0":{"name":"getSize","decl":{"start":{"line":8,"column":16},"end":{"line":8,"column":23}},"loc":{"start":{"line":8,"column":46},"end":{"line":20,"column":1}},"line":8},"1":{"name":"getSizeString","decl":{"start":{"line":22,"column":16},"end":{"line":22,"column":29}},"loc":{"start":{"line":22,"column":52},"end":{"line":30,"column":1}},"line":22}},"branchMap":{"0":{"loc":{"start":{"line":11,"column":2},"end":{"line":19,"column":3}},"type":"if","locations":[{"start":{"line":11,"column":2},"end":{"line":19,"column":3}},{"start":{"line":17,"column":9},"end":{"line":19,"column":3}}],"line":11},"1":{"loc":{"start":{"line":12,"column":4},"end":{"line":15,"column":5}},"type":"if","locations":[{"start":{"line":12,"column":4},"end":{"line":15,"column":5}},{"start":{},"end":{}}],"line":12},"2":{"loc":{"start":{"line":25,"column":2},"end":{"line":29,"column":3}},"type":"if","locations":[{"start":{"line":25,"column":2},"end":{"line":29,"column":3}},{"start":{"line":27,"column":9},"end":{"line":29,"column":3}}],"line":25},"3":{"loc":{"start":{"line":36,"column":16},"end":{"line":36,"column":69}},"type":"cond-expr","locations":[{"start":{"line":36,"column":44},"end":{"line":36,"column":55}},{"start":{"line":36,"column":58},"end":{"line":36,"column":69}}],"line":36}},"s":{"0":1,"1":1,"2":19,"3":19,"4":19,"5":0,"6":0,"7":19,"8":0,"9":0,"10":0,"11":0,"12":0,"13":1},"f":{"0":19,"1":0},"b":{"0":[19,0],"1":[0,19],"2":[0,0],"3":[0,1]},"_coverageSchema":"1a1c01bbd47fc00a2c39e90264f33305004495a9","hash":"d5231535164ff9cf8aabfb57949458dd4b592db3"}
}
