TN:
SF:src/infra/data/adapters/AsyncStorageAdapter.tsx
FN:10,(anonymous_0)
FN:28,(anonymous_1)
FN:41,(anonymous_2)
FNF:3
FNH:0
FNDA:0,(anonymous_0)
FNDA:0,(anonymous_1)
FNDA:0,(anonymous_2)
DA:9,1
DA:11,0
DA:12,0
DA:14,0
DA:15,0
DA:17,0
DA:18,0
DA:19,0
DA:22,0
DA:24,0
DA:29,0
DA:33,0
DA:38,0
DA:42,0
LF:14
LH:1
BRDA:12,0,0,0
BRDA:12,0,1,0
BRDA:17,1,0,0
BRDA:17,1,1,0
BRDA:17,2,0,0
BRDA:17,2,1,0
BRDA:29,3,0,0
BRDA:29,3,1,0
BRF:8
BRH:0
end_of_record
TN:
SF:src/presentation/components/Button/index.tsx
FN:16,(anonymous_0)
FNF:1
FNH:1
FNDA:16,(anonymous_0)
DA:16,1
DA:25,16
LF:2
LH:2
BRDA:22,0,0,0
BRDA:23,1,0,16
BRDA:30,2,0,16
BRDA:30,2,1,9
BRDA:31,3,0,16
BRDA:31,3,1,0
BRDA:36,4,0,16
BRDA:36,4,1,0
BRDA:38,5,0,16
BRDA:38,5,1,0
BRF:10
BRH:6
end_of_record
TN:
SF:src/presentation/components/Button/styles.ts
FNF:0
FNH:0
DA:5,1
LF:1
LH:1
BRF:0
BRH:0
end_of_record
TN:
SF:src/presentation/components/CommonText/index.tsx
FN:6,(anonymous_0)
FNF:1
FNH:1
FNDA:16,(anonymous_0)
DA:5,1
DA:7,16
LF:2
LH:2
BRF:0
BRH:0
end_of_record
TN:
SF:src/presentation/components/CommonText/styles.ts
FNF:0
FNH:0
DA:5,1
LF:1
LH:1
BRF:0
BRH:0
end_of_record
TN:
SF:src/presentation/components/Input/index.tsx
FN:16,(anonymous_0)
FNF:1
FNH:1
FNDA:16,(anonymous_0)
DA:16,1
DA:17,16
LF:2
LH:2
BRDA:19,0,0,16
BRDA:19,0,1,0
BRDA:21,1,0,16
BRDA:21,1,1,0
BRF:4
BRH:2
end_of_record
TN:
SF:src/presentation/components/Input/styles.ts
FNF:0
FNH:0
DA:5,1
LF:1
LH:1
BRF:0
BRH:0
end_of_record
TN:
SF:src/presentation/screens/Home/index.tsx
FN:13,HomeScreen
FN:18,(anonymous_1)
FN:19,(anonymous_2)
FN:28,(anonymous_3)
FNF:4
FNH:4
FNDA:19,HomeScreen
FNDA:9,(anonymous_1)
FNDA:9,(anonymous_2)
FNDA:1,(anonymous_3)
DA:14,19
DA:15,19
DA:16,19
DA:18,19
DA:19,9
DA:20,9
DA:21,9
DA:22,8
DA:25,9
DA:28,19
DA:29,1
DA:30,1
DA:33,19
LF:13
LH:13
BRDA:21,0,0,8
BRDA:21,0,1,1
BRDA:22,1,0,8
BRDA:22,1,1,1
BRDA:36,2,0,1
BRDA:36,2,1,18
BRF:6
BRH:6
end_of_record
TN:
SF:src/presentation/screens/Home/styles.ts
FNF:0
FNH:0
DA:4,1
LF:1
LH:1
BRF:0
BRH:0
end_of_record
TN:
SF:src/presentation/styles/colors.ts
FNF:0
FNH:0
DA:1,1
LF:1
LH:1
BRF:0
BRH:0
end_of_record
TN:
SF:src/presentation/styles/deviceInfo.ts
FNF:0
FNH:0
DA:12,1
DA:13,1
DA:15,1
LF:3
LH:3
BRDA:17,0,0,1
BRDA:17,0,1,0
BRF:2
BRH:1
end_of_record
TN:
SF:src/presentation/styles/layout.ts
FN:8,getSize
FN:22,getSizeString
FNF:2
FNH:1
FNDA:19,getSize
FNDA:0,getSizeString
DA:4,1
DA:6,1
DA:9,19
DA:11,19
DA:12,19
DA:13,0
DA:14,0
DA:16,19
DA:18,0
DA:23,0
DA:25,0
DA:26,0
DA:28,0
DA:32,1
LF:14
LH:7
BRDA:11,0,0,19
BRDA:11,0,1,0
BRDA:12,1,0,0
BRDA:12,1,1,19
BRDA:25,2,0,0
BRDA:25,2,1,0
BRDA:36,3,0,0
BRDA:36,3,1,1
BRF:8
BRH:3
end_of_record
